        -:    0:Source:C:/Users/Deea/Desktop/DOCUMENTS/UNI/github/uni_homeworks/Year_1/Semester_2/OOP/lab_7/repository/SubjectsRepo.h
        -:    0:Graph:C:\Users\Deea\Desktop\DOCUMENTS\UNI\github\uni_homeworks\Year_1\Semester_2\OOP\lab_7\cmake-build-debug-coverage\CMakeFiles\lab_7.dir\main.cpp.gcno
        -:    0:Data:C:\Users\Deea\Desktop\DOCUMENTS\UNI\github\uni_homeworks\Year_1\Semester_2\OOP\lab_7\cmake-build-debug-coverage\CMakeFiles\lab_7.dir\main.cpp.gcda
        -:    0:Runs:1
        -:    1://
        -:    2:// Created by Deea on 3/31/2023.
        -:    3://
        -:    4:
        -:    5:#ifndef LAB_6_7_SUBJECTSREPO_H
        -:    6:#define LAB_6_7_SUBJECTSREPO_H
        -:    7:
        -:    8://inclusions
        -:    9:#pragma once
        -:   10:#include "../DynamicVector.h"
        -:   11:
        -:   12:#include <vector>
        -:   13:#include <string>
        -:   14:#include "../Exceptions/Exceptions.h"
        -:   15:#include "../domain/Subject.h"
        -:   16:
        -:   17://std
        -:   18:using std::vector;
        -:   19:using std::string;
        -:   20:
        -:   21:class SubjectsRepo {
        -:   22:private:
        -:   23:    //this will be our vector!
        -:   24:    DynamicVector<Subject> subjects;
        -:   25:
        -:   26:public:
        -:   27:
function _ZN12SubjectsRepoC1ERK13DynamicVectorI7SubjectE called 6 returned 100% blocks executed 100%
        6:   28:     explicit SubjectsRepo(const DynamicVector<Subject>& subjects):subjects{subjects}{
        6:   28-block  0
call    0 returned 6
        6:   29:    };
        -:   30:
        -:   31:    //we do not permit to copy the objects
        -:   32:    /** store subject to list of subjects*/
        -:   33:    /*
        -:   34:     * /params: sbj
        -:   35:     * throws exceptions if there is an already existing subject like sbj
        -:   36:     *
        -:   37:     */
        -:   38:    void store(const Subject &sbj);
        -:   39:
        -:   40:    /*
        -:   41:     * returns all saved animals
        -:   42:     */
        -:   43:    [[nodiscard]] const DynamicVector<Subject> &getAll() const noexcept;
        -:   44:
        -:   45:    /*
        -:   46:     * update Subject
        -:   47:     * //params: new Tape
        -:   48:     * throws exceptions if tape doesn't exist
        -:   49:     */
        -:   50:    void updateSubjectRepo(const Subject &subjectToUpdate);
        -:   51:
        -:   52:    /*
        -:   53:     * delete Subkect
        -:   54:     * //params: title and teacher
        -:   55:     * deletes the subject if it has the same title and teacher
        -:   56:     */
        -:   57:    void removeSubjectRepo(const string &name, const string &teacher);
        -:   58:
        -:   59:    /*
        -:   60:     * search position in vector
        -:   61:     * params: string name,string teacher
        -:   62:     * returns : i!=1 if subject exists
        -:   63:     *              else i=-1 if it doesnt exist
        -:   64:     */
        -:   65:    int searchForSubject(const string &name, const string &teacher);
        -:   66:
        -:   67:    /*
        -:   68:     * returns: Subject else throws exception
        -:   69:     */
        -:   70:    const Subject &getSubject(const string &name, const string &teacher);
        -:   71:
        -:   72:
        -:   73:};
        -:   74:
        -:   75:
        -:   76:#endif //LAB_6_7_SUBJECTSREPO_H
