        -:    0:Source:C:/Users/Deea/Desktop/DOCUMENTS/UNI/github/uni_homeworks/Year_1/Semester_2/OOP/lab_7/Exceptions/Exceptions.h
        -:    0:Graph:C:\Users\Deea\Desktop\DOCUMENTS\UNI\github\uni_homeworks\Year_1\Semester_2\OOP\lab_7\cmake-build-debug-coverage\CMakeFiles\lab_7.dir\repository\SubjectsRepo.cpp.gcno
        -:    0:Data:C:\Users\Deea\Desktop\DOCUMENTS\UNI\github\uni_homeworks\Year_1\Semester_2\OOP\lab_7\cmake-build-debug-coverage\CMakeFiles\lab_7.dir\repository\SubjectsRepo.cpp.gcda
        -:    0:Runs:1
        -:    1://
        -:    2:// Created by Deea on 4/1/2023.
        -:    3://
        -:    4:
        -:    5:#ifndef LAB_6_7_EXCEPTIONS_H
        -:    6:#define LAB_6_7_EXCEPTIONS_H
        -:    7://includes
        -:    8:#pragma once
        -:    9:
        -:   10:#include <exception>
        -:   11:#include <string>
        -:   12:#include <utility>
        -:   13:
        -:   14:using std::string;
        -:   15:
        -:   16:class RepositoryException : public std::exception {
        -:   17:    string message;
        -:   18:
        -:   19:public:
function _ZN19RepositoryExceptionC1ENSt7__cxx1112basic_stringIcSt11char_traitsIcESaIcEEE called 7 returned 100% blocks executed 100%
        7:   20:    explicit RepositoryException(string message) : message{std::move(message)} {};
        7:   20-block  0
call    0 returned 7
call    1 returned 7
call    2 returned 7
        -:   21:
        -:   22:    string getMessage() { return this->message; };
        -:   23:
        -:   24:};
        -:   25:
        -:   26:class ValidatorException : public std::exception {
        -:   27:    std::string message;
        -:   28:public:
        -:   29:    explicit ValidatorException(string message) : message(std::move(message)) {};
        -:   30:
        -:   31:    std::string getMessage() { return this->message; };
        -:   32:};
        -:   33:
        -:   34:
        -:   35:#endif //LAB_6_7_EXCEPTIONS_H
