        -:    0:Source:C:/Users/Deea/Desktop/Partial_IonAndreea/Exceptions.h
        -:    0:Graph:C:\Users\Deea\Desktop\Partial_IonAndreea\cmake-build-debug-coverage\CMakeFiles\Partial_IonAndreea.dir\Gui.cpp.gcno
        -:    0:Data:C:\Users\Deea\Desktop\Partial_IonAndreea\cmake-build-debug-coverage\CMakeFiles\Partial_IonAndreea.dir\Gui.cpp.gcda
        -:    0:Runs:1
        -:    1://
        -:    2:// Created by Deea on 5/23/2023.
        -:    3://
        -:    4:
        -:    5:#ifndef PARTIAL_IONANDREEA_EXCEPTIONS_H
        -:    6:#define PARTIAL_IONANDREEA_EXCEPTIONS_H
        -:    7:#include <iostream>
        -:    8:#include <exception>
        -:    9:using namespace std;
        -:   10:class ValidException : public exception{
        -:   11:    string message;
        -:   12:public:
        -:   13:    ValidException(const string & m):message(m){};
function _ZN14ValidException11get_messageB5cxx11Ev called 0 returned 0% blocks executed 0%
    #####:   14:    const string &get_message(){return message;};
    %%%%%:   14-block  0
        -:   15:};
        -:   16:
        -:   17:
        -:   18:#endif //PARTIAL_IONANDREEA_EXCEPTIONS_H
