        -:    0:Source:C:/Users/Deea/Desktop/Partial_IonAndreea/Domain.h
        -:    0:Graph:C:\Users\Deea\Desktop\Partial_IonAndreea\cmake-build-debug-coverage\CMakeFiles\Partial_IonAndreea.dir\Repo.cpp.gcno
        -:    0:Data:C:\Users\Deea\Desktop\Partial_IonAndreea\cmake-build-debug-coverage\CMakeFiles\Partial_IonAndreea.dir\Repo.cpp.gcda
        -:    0:Runs:1
        -:    1://
        -:    2:// Created by Deea on 5/23/2023.
        -:    3://
        -:    4:
        -:    5:#ifndef PARTIAL_IONANDREEA_DOMAIN_H
        -:    6:#define PARTIAL_IONANDREEA_DOMAIN_H
        -:    7:#include<iostream>
        -:    8:using namespace std;
        -:    9:#include <sstream>
        -:   10:#include <vector>
        -:   11:vector<string> splitLine(const string &line,char del);
        -:   12:class Cutremur{
        -:   13:    string locatie;
        -:   14:    string data;
        -:   15:    int intensitate;
        -:   16:    int adancime;
        -:   17:public:
        -:   18:    //constructor
function _ZN8CutremurC1Ev called 2 returned 100% blocks executed 67%
        2:   19:    Cutremur()
        2:   20:    {
        2:   20-block  0
call    0 returned 2
call    1 returned 2
        2:   21:        locatie="";
call    0 returned 2
branch  1 taken 2 (fallthrough)
branch  2 taken 0 (throw)
        2:   22:        data="";
        2:   22-block  0
call    0 returned 2
branch  1 taken 2 (fallthrough)
branch  2 taken 0 (throw)
        2:   23:        intensitate=-1;
        2:   24:        adancime=0;
        2:   25:    }
        2:   25-block  0
    $$$$$:   25-block  1
call    0 never executed
    $$$$$:   25-block  2
call    1 never executed
        -:   26:
        -:   27:    Cutremur(const string &l,const string &d,int i,int a):locatie(l),data(d),intensitate(i),adancime(a){};
        -:   28:    //copy constructor
function _ZN8CutremurC1ERKS_ called 46 returned 100% blocks executed 67%
       46:   29:    Cutremur(const Cutremur&other)
       46:   30:    {
       46:   30-block  0
call    0 returned 46
call    1 returned 46
       46:   31:        locatie=other.locatie;
call    0 returned 46
branch  1 taken 46 (fallthrough)
branch  2 taken 0 (throw)
       46:   32:        data=other.data;
       46:   32-block  0
call    0 returned 46
branch  1 taken 46 (fallthrough)
branch  2 taken 0 (throw)
       46:   33:        intensitate=other.intensitate;
       46:   34:        adancime=other.adancime;
       46:   35:    }
       46:   35-block  0
    $$$$$:   35-block  1
call    0 never executed
    $$$$$:   35-block  2
call    1 never executed
        -:   36:    Cutremur &operator=(const Cutremur &other)=default;
        -:   37:    //getters
        -:   38:    const string&get_locatie() const{return locatie;};
        -:   39:    const string&get_data() const{return data;};
        -:   40:    int get_intensitate() const{return intensitate;};
        -:   41:    int get_adancime() const{return adancime;}
        -:   42:    //setters
        -:   43:    void set_locatie(const string &l){locatie=l;};
        -:   44:    void set_data(const string &d){data=d;};
        -:   45:    void set_intensitate(int i){intensitate=i;};
        -:   46:    void set_adancime(int a){adancime=a;};
        -:   47:    friend istream &operator>>(istream &input, Cutremur &cut);
        -:   48:    string print() const;
        -:   49:
        -:   50:};
        -:   51:
        -:   52:
        -:   53:#endif //PARTIAL_IONANDREEA_DOMAIN_H
